2021-03-27 09:31:45 +0000  Initial pipeline context: <IDEDistributionProcessingPipelineContext: 0x7fdd4747e5a0; archive(resolved)='<IDEArchive: 0x7fdd2c347770>', distributionTask(resolved)='2', distributionDestination(resolved)='1', distributionMethod(resolved)='<IDEDistributionMethodAdHoc: 0x7fdd308af930>', team(resolved)='<IDEProvisioningDisambiguatableBasicTeam: 0x7fdd47449c00; teamID='J69V6VXM9A', teamName='miushufei miushufei', teamType='Individual', username='2621148711@qq.com', isFreeProvisioningTeam='0'>'>
	Chain (14, self inclusive):
	<IDEDistributionProcessingPipelineContext: 0x7fdd4747e5a0; archive = '<IDEArchive: 0x7fdd2c347770>', distributionMethod='<IDEDistributionMethodAdHoc: 0x7fdd308af930>', team='<IDEProvisioningDisambiguatableBasicTeam: 0x7fdd47449c00; teamID='J69V6VXM9A', teamName='miushufei miushufei', teamType='Individual', username='2621148711@qq.com', isFreeProvisioningTeam='0'>'>
	<IDEDistributionProcessingPipelineContext: 0x7fdd30ad2310; archive = '<IDEArchive: 0x7fdd2c347770>', distributionMethod='<IDEDistributionMethodAdHoc: 0x7fdd308af930>', team='<IDEProvisioningDisambiguatableBasicTeam: 0x7fdd47449c00; teamID='J69V6VXM9A', teamName='miushufei miushufei', teamType='Individual', username='2621148711@qq.com', isFreeProvisioningTeam='0'>'>
	<IDEDistributionContext: 0x7fdd473c25d0; archive = '<IDEArchive: 0x7fdd2c347770>', distributionMethod='<IDEDistributionMethodAdHoc: 0x7fdd308af930>', team='<IDEProvisioningDisambiguatableBasicTeam: 0x7fdd47449c00; teamID='J69V6VXM9A', teamName='miushufei miushufei', teamType='Individual', username='2621148711@qq.com', isFreeProvisioningTeam='0'>'>
	<IDEDistributionContext: 0x7fdd30845090; archive = '<IDEArchive: 0x7fdd2c347770>', distributionMethod='<IDEDistributionMethodAdHoc: 0x7fdd308af930>', team='<IDEProvisioningDisambiguatableBasicTeam: 0x7fdd47449c00; teamID='J69V6VXM9A', teamName='miushufei miushufei', teamType='Individual', username='2621148711@qq.com', isFreeProvisioningTeam='0'>'>
	<IDEDistributionContext: 0x7fdd2c3fc2e0; archive = '<IDEArchive: 0x7fdd2c347770>', distributionMethod='<IDEDistributionMethodAdHoc: 0x7fdd308af930>', team='<IDEProvisioningDisambiguatableBasicTeam: 0x7fdd47449c00; teamID='J69V6VXM9A', teamName='miushufei miushufei', teamType='Individual', username='2621148711@qq.com', isFreeProvisioningTeam='0'>'>
	<IDEDistributionContext: 0x7fdd45a085f0; archive = '<IDEArchive: 0x7fdd2c347770>', distributionMethod='<IDEDistributionMethodAdHoc: 0x7fdd308af930>', team='<IDEProvisioningDisambiguatableBasicTeam: 0x7fdd47449c00; teamID='J69V6VXM9A', teamName='miushufei miushufei', teamType='Individual', username='2621148711@qq.com', isFreeProvisioningTeam='0'>'>
	<IDEDistributionContext: 0x7fdd30a1dcb0; archive = '<IDEArchive: 0x7fdd2c347770>', distributionMethod='<IDEDistributionMethodAdHoc: 0x7fdd308af930>', team='<IDEProvisioningDisambiguatableBasicTeam: 0x7fdd47449c00; teamID='J69V6VXM9A', teamName='miushufei miushufei', teamType='Individual', username='2621148711@qq.com', isFreeProvisioningTeam='0'>'>
	<IDEDistributionContext: 0x7fdd2b325440; archive = '<IDEArchive: 0x7fdd2c347770>', distributionMethod='<IDEDistributionMethodAdHoc: 0x7fdd308af930>', team='<IDEProvisioningDisambiguatableBasicTeam: 0x7fdd47449c00; teamID='J69V6VXM9A', teamName='miushufei miushufei', teamType='Individual', username='2621148711@qq.com', isFreeProvisioningTeam='0'>'>
	<IDEDistributionContext: 0x7fdd30ece800; archive = '<IDEArchive: 0x7fdd2c347770>', distributionMethod='<IDEDistributionMethodAdHoc: 0x7fdd308af930>', team='<IDEProvisioningDisambiguatableBasicTeam: 0x7fdd47449c00; teamID='J69V6VXM9A', teamName='miushufei miushufei', teamType='Individual', username='2621148711@qq.com', isFreeProvisioningTeam='0'>'>
	<IDEDistributionContext: 0x7fdd302163f0; archive = '<IDEArchive: 0x7fdd2c347770>', distributionMethod='<IDEDistributionMethodAdHoc: 0x7fdd308af930>', team='(null)'>
	<IDEDistributionContext: 0x7fdd30a2eda0; archive = '<IDEArchive: 0x7fdd2c347770>', distributionMethod='<IDEDistributionMethodAdHoc: 0x7fdd308af930>', team='(null)'>
	<IDEDistributionContext: 0x7fdd30a308d0; archive = '<IDEArchive: 0x7fdd2c347770>', distributionMethod='<IDEDistributionMethodAdHoc: 0x7fdd308af930>', team='(null)'>
	<IDEDistributionContext: 0x7fdd2dd25bc0; archive = '<IDEArchive: 0x7fdd2c347770>', distributionMethod='<IDEDistributionMethodAdHoc: 0x7fdd308af930>', team='(null)'>
	<IDEDistributionContext: 0x7fdd2dd13430; archive = '<IDEArchive: 0x7fdd2c347770>', distributionMethod='(null)', team='(null)'>
</IDEDistributionProcessingPipelineContext: 0x7fdd4747e5a0>
2021-03-27 09:31:45 +0000  Processing step: IDEDistributionCreateDestRootStep
2021-03-27 09:31:45 +0000  Processing step: IDEDistributionCopyItemStep
2021-03-27 09:31:45 +0000  Running /usr/bin/ditto '-V' '/Users/Gakki/Library/Developer/Xcode/Archives/2021-03-27/text 2021-3-27, 5.31 PM.xcarchive/Products/Applications/text.app' '/var/folders/nf/qgn3qbd54lq_ss2df2ct4ng40000gn/T/XcodeDistPipeline.~~~FRVaEP/Root/Payload/text.app'
2021-03-27 09:31:45 +0000  >>> Copying /Users/Gakki/Library/Developer/Xcode/Archives/2021-03-27/text 2021-3-27, 5.31 PM.xcarchive/Products/Applications/text.app 
2021-03-27 09:31:45 +0000  copying file ./_CodeSignature/CodeResources ... 
2021-03-27 09:31:45 +0000  15464 bytes for ./_CodeSignature/CodeResources
2021-03-27 09:31:45 +0000  copying file ./LXFCalcInputCell.nib ... 
2021-03-27 09:31:45 +0000  3891 bytes for ./LXFCalcInputCell.nib
2021-03-27 09:31:45 +0000  copying file ./AppIcon20x20@2x.png ... 
2021-03-27 09:31:45 +0000  2480 bytes for ./AppIcon20x20@2x.png
2021-03-27 09:31:45 +0000  copying file ./AppIcon57x57.png ... 
2021-03-27 09:31:45 +0000  5635 bytes for ./AppIcon57x57.png
2021-03-27 09:31:45 +0000  copying file ./MMNumberKeyboardDismissKey.png ... 
2021-03-27 09:31:45 +0000  189 bytes for ./MMNumberKeyboardDismissKey.png
2021-03-27 09:31:45 +0000  copying file ./AppIcon20x20@3x.png ... 
2021-03-27 09:31:45 +0000  4630 bytes for ./AppIcon20x20@3x.png
2021-03-27 09:31:45 +0000  copying file ./AppIcon29x29.png ... 
2021-03-27 09:31:45 +0000  1746 bytes for ./AppIcon29x29.png
2021-03-27 09:31:45 +0000  copying file ./MJRefresh.bundle/zh-Hans.lproj/Localizable.strings ... 
2021-03-27 09:31:45 +0000  1194 bytes for ./MJRefresh.bundle/zh-Hans.lproj/Localizable.strings
2021-03-27 09:31:45 +0000  copying file ./MJRefresh.bundle/en.lproj/Localizable.strings ... 
2021-03-27 09:31:45 +0000  691 bytes for ./MJRefresh.bundle/en.lproj/Localizable.strings
2021-03-27 09:31:45 +0000  copying file ./MJRefresh.bundle/arrow@2x.png ... 
2021-03-27 09:31:45 +0000  1033 bytes for ./MJRefresh.bundle/arrow@2x.png
2021-03-27 09:31:45 +0000  copying file ./MJRefresh.bundle/zh-Hant.lproj/Localizable.strings ... 
2021-03-27 09:31:45 +0000  773 bytes for ./MJRefresh.bundle/zh-Hant.lproj/Localizable.strings
2021-03-27 09:31:45 +0000  copying file ./AppIcon60x60@2x.png ... 
2021-03-27 09:31:45 +0000  15018 bytes for ./AppIcon60x60@2x.png
2021-03-27 09:31:45 +0000  copying file ./MMNumberKeyboardDismissKey@3x.png ... 
2021-03-27 09:31:45 +0000  484 bytes for ./MMNumberKeyboardDismissKey@3x.png
2021-03-27 09:31:45 +0000  copying file ./AppIcon29x29@2x.png ... 
2021-03-27 09:31:45 +0000  4273 bytes for ./AppIcon29x29@2x.png
2021-03-27 09:31:45 +0000  copying file ./MMNumberKeyboardDeleteKey@3x.png ... 
2021-03-27 09:31:45 +0000  551 bytes for ./MMNumberKeyboardDeleteKey@3x.png
2021-03-27 09:31:45 +0000  copying file ./AppIcon40x40@3x.png ... 
2021-03-27 09:31:45 +0000  15018 bytes for ./AppIcon40x40@3x.png
2021-03-27 09:31:45 +0000  copying file ./AppIcon57x57@2x.png ... 
2021-03-27 09:31:45 +0000  15604 bytes for ./AppIcon57x57@2x.png
2021-03-27 09:31:45 +0000  copying file ./BRPickerView.bundle/BRCity.plist ... 
2021-03-27 09:31:45 +0000  489934 bytes for ./BRPickerView.bundle/BRCity.plist
2021-03-27 09:31:45 +0000  copying file ./AppIcon40x40@2x.png ... 
7554 bytes for ./AppIcon40x40@2x.png
2021-03-27 09:31:45 +0000  copying file ./MMNumberKeyboardDeleteKey@2x.png ... 
2021-03-27 09:31:45 +0000  366 bytes for ./MMNumberKeyboardDeleteKey@2x.png
2021-03-27 09:31:45 +0000  copying file ./AVOSCloud_Art.inc ... 
2021-03-27 09:31:45 +0000  2191 bytes for ./AVOSCloud_Art.inc
2021-03-27 09:31:45 +0000  copying file ./MMNumberKeyboardDismissKey@2x.png ... 
2021-03-27 09:31:45 +0000  663 bytes for ./MMNumberKeyboardDismissKey@2x.png
2021-03-27 09:31:45 +0000  copying file ./AppIcon29x29@3x.png ... 
2021-03-27 09:31:45 +0000  8677 bytes for ./AppIcon29x29@3x.png
2021-03-27 09:31:45 +0000  copying file ./AppIcon60x60@3x.png ... 
2021-03-27 09:31:45 +0000  30206 bytes for ./AppIcon60x60@3x.png
2021-03-27 09:31:45 +0000  copying file ./Base.lproj/Main.storyboardc/UIViewController-BYZ-38-t0r.nib/objects-11.0+.nib ... 
2021-03-27 09:31:45 +0000  1302 bytes for ./Base.lproj/Main.storyboardc/UIViewController-BYZ-38-t0r.nib/objects-11.0+.nib
2021-03-27 09:31:45 +0000  copying file ./Base.lproj/Main.storyboardc/UIViewController-BYZ-38-t0r.nib/runtime.nib ... 
2021-03-27 09:31:45 +0000  1302 bytes for ./Base.lproj/Main.storyboardc/UIViewController-BYZ-38-t0r.nib/runtime.nib
2021-03-27 09:31:45 +0000  copying file ./Base.lproj/Main.storyboardc/BYZ-38-t0r-view-8bC-Xf-vdC.nib/objects-11.0+.nib ... 
2021-03-27 09:31:45 +0000  4183 bytes for ./Base.lproj/Main.storyboardc/BYZ-38-t0r-view-8bC-Xf-vdC.nib/objects-11.0+.nib
2021-03-27 09:31:45 +0000  copying file ./Base.lproj/Main.storyboardc/BYZ-38-t0r-view-8bC-Xf-vdC.nib/runtime.nib ... 
2021-03-27 09:31:45 +0000  4317 bytes for ./Base.lproj/Main.storyboardc/BYZ-38-t0r-view-8bC-Xf-vdC.nib/runtime.nib
2021-03-27 09:31:45 +0000  copying file ./Base.lproj/Main.storyboardc/Info.plist ... 
2021-03-27 09:31:45 +0000  258 bytes for ./Base.lproj/Main.storyboardc/Info.plist
2021-03-27 09:31:45 +0000  copying file ./Base.lproj/LaunchScreen.storyboardc/01J-lp-oVM-view-Ze5-6b-2t3.nib/objects-11.0+.nib ... 
2021-03-27 09:31:45 +0000  3726 bytes for ./Base.lproj/LaunchScreen.storyboardc/01J-lp-oVM-view-Ze5-6b-2t3.nib/objects-11.0+.nib
2021-03-27 09:31:45 +0000  copying file ./Base.lproj/LaunchScreen.storyboardc/01J-lp-oVM-view-Ze5-6b-2t3.nib/runtime.nib ... 
2021-03-27 09:31:45 +0000  3866 bytes for ./Base.lproj/LaunchScreen.storyboardc/01J-lp-oVM-view-Ze5-6b-2t3.nib/runtime.nib
2021-03-27 09:31:45 +0000  copying file ./Base.lproj/LaunchScreen.storyboardc/UIViewController-01J-lp-oVM.nib/objects-11.0+.nib ... 
2021-03-27 09:31:45 +0000  896 bytes for ./Base.lproj/LaunchScreen.storyboardc/UIViewController-01J-lp-oVM.nib/objects-11.0+.nib
2021-03-27 09:31:45 +0000  copying file ./Base.lproj/LaunchScreen.storyboardc/UIViewController-01J-lp-oVM.nib/runtime.nib ... 
2021-03-27 09:31:45 +0000  896 bytes for ./Base.lproj/LaunchScreen.storyboardc/UIViewController-01J-lp-oVM.nib/runtime.nib
2021-03-27 09:31:45 +0000  copying file ./Base.lproj/LaunchScreen.storyboardc/Info.plist ... 
2021-03-27 09:31:45 +0000  258 bytes for ./Base.lproj/LaunchScreen.storyboardc/Info.plist
2021-03-27 09:31:45 +0000  copying file ./MMNumberKeyboardDeleteKey.png ... 
2021-03-27 09:31:45 +0000  309 bytes for ./MMNumberKeyboardDeleteKey.png
2021-03-27 09:31:45 +0000  copying file ./Assets.car ... 
2021-03-27 09:31:46 +0000  37692136 bytes for ./Assets.car
2021-03-27 09:31:46 +0000  copying file ./LXFCalculatorCalcBtnView.nib ... 
2690 bytes for ./LXFCalculatorCalcBtnView.nib
copying file ./LXFCalcSelectStrCell.nib ... 
3414 bytes for ./LXFCalcSelectStrCell.nib
copying file ./text ... 
2021-03-27 09:31:46 +0000  8886672 bytes for ./text
2021-03-27 09:31:46 +0000  /usr/bin/ditto exited with 0
2021-03-27 09:31:46 +0000  copying file ./embedded.mobileprovision ... 
11945 bytes for ./embedded.mobileprovision
copying file ./Info.plist ... 
1785 bytes for ./Info.plist
copying file ./LXFPopResultCell.nib ... 
3487 bytes for ./LXFPopResultCell.nib
copying file ./suggestViewController.nib ... 
4262 bytes for ./suggestViewController.nib
copying file ./PkgInfo ... 
8 bytes for ./PkgInfo
2021-03-27 09:31:46 +0000  Processing step: IDEDistributionEmbedProfileStep
2021-03-27 09:31:46 +0000  Processing step: IDEDistributionInfoPlistStep
2021-03-27 09:31:46 +0000  Skipping step: IDEDistributionInfoPlistStep because it said so
2021-03-27 09:31:46 +0000  Processing step: IDEDistributionAppThinningPlistStep
2021-03-27 09:31:46 +0000  Skipping step: IDEDistributionAppThinningPlistStep because it said so
2021-03-27 09:31:46 +0000  Processing step: IDEDistributionCompileBitcodeStep
2021-03-27 09:31:46 +0000  Skipping step: IDEDistributionCompileBitcodeStep because it said so
2021-03-27 09:31:46 +0000  Processing step: IDEDistributionCodeSlimmingStep
2021-03-27 09:31:46 +0000  Processing step: IDEDistributionCopyBCSymbolMapsStep
2021-03-27 09:31:46 +0000  Skipping step: IDEDistributionCopyBCSymbolMapsStep because it said so
2021-03-27 09:31:46 +0000  Processing step: IDEDistributionSymbolsStep
2021-03-27 09:31:46 +0000  Skipping step: IDEDistributionSymbolsStep because it said so
2021-03-27 09:31:46 +0000  Processing step: IDEDistributionAppThinningStep
2021-03-27 09:31:46 +0000  Skipping step: IDEDistributionAppThinningStep because it said so
2021-03-27 09:31:46 +0000  Processing step: IDEDistributionArchThinningStep
2021-03-27 09:31:46 +0000  Running /Applications/Xcode.app/Contents/Developer/Toolchains/XcodeDefault.xctoolchain/usr/bin/lipo '/var/folders/nf/qgn3qbd54lq_ss2df2ct4ng40000gn/T/XcodeDistPipeline.~~~FRVaEP/Root/Payload/text.app/text' '-verify_arch' 'arm64e'
2021-03-27 09:31:46 +0000  /Applications/Xcode.app/Contents/Developer/Toolchains/XcodeDefault.xctoolchain/usr/bin/lipo exited with 1
2021-03-27 09:31:46 +0000  Skipping architecture thinning for item "text" because arch "arm64e" wasn't found
2021-03-27 09:31:46 +0000  Processing step: IDEDistributionODRStep
2021-03-27 09:31:46 +0000  Processing step: IDEDistributionStripXattrsStep
2021-03-27 09:31:46 +0000  Running /usr/bin/xattr '-crs' '/var/folders/nf/qgn3qbd54lq_ss2df2ct4ng40000gn/T/XcodeDistPipeline.~~~FRVaEP/Root/Payload/text.app'
2021-03-27 09:31:46 +0000  /usr/bin/xattr exited with 0
2021-03-27 09:31:46 +0000  Processing step: IDEDistributionCodesignStep
2021-03-27 09:31:46 +0000  Entitlements for <IDEDistributionItem: 0x7fdd30aa9cc0; bundleID='com.littlebookkeep.beijing.com', path='<DVTFilePath:0x7fdd2c090010:'/Users/Gakki/Library/Developer/Xcode/Archives/2021-03-27/text 2021-3-27, 5.31 PM.xcarchive/Products/Applications/text.app'>', codeSigningInfo='<_DVTCodeSigningInformation_Path: 0x7fdd30214e00; isSigned='1', isAdHocSigned='0', signingCertificate='<DVTSigningCertificate: 0x7fdd3edda3c0; name='Apple Development: miushufei miushufei (NGQY7246YH)', hash='E8627B7F9DE14FC3D77DA52009ECB37B9CF4B154', serialNumber='<DVTSigningCertificateSerialNumber: 0x7fdd30877610>', certificateKinds='(
    "1.2.840.113635.100.6.1.12",
    "1.2.840.113635.100.6.1.2"
), issueDate='2021-03-26 03:03:32 +0000''>', entitlements='{
    "application-identifier" = "J69V6VXM9A.com.littlebookkeep.beijing.com";
    "com.apple.developer.team-identifier" = J69V6VXM9A;
    "get-task-allow" = 1;
    "keychain-access-groups" =     (
        "J69V6VXM9A.com.littlebookkeep.beijing.com"
    );
}', teamID='J69V6VXM9A', identifier='com.littlebookkeep.beijing.com', executablePath='<DVTFilePath:0x7fdd2c0a8d60:'/Users/Gakki/Library/Developer/Xcode/Archives/2021-03-27/text 2021-3-27, 5.31 PM.xcarchive/Products/Applications/text.app/text'>', hardenedRuntime='0'>'>: {
    "application-identifier" = "J69V6VXM9A.com.littlebookkeep.beijing.com";
    "com.apple.developer.team-identifier" = J69V6VXM9A;
    "get-task-allow" = 0;
    "keychain-access-groups" =     (
        "J69V6VXM9A.com.littlebookkeep.beijing.com"
    );
}
2021-03-27 09:31:46 +0000  Writing entitlements for <IDEDistributionItem: 0x7fdd30aa9cc0; bundleID='com.littlebookkeep.beijing.com', path='<DVTFilePath:0x7fdd2c090010:'/Users/Gakki/Library/Developer/Xcode/Archives/2021-03-27/text 2021-3-27, 5.31 PM.xcarchive/Products/Applications/text.app'>', codeSigningInfo='<_DVTCodeSigningInformation_Path: 0x7fdd30214e00; isSigned='1', isAdHocSigned='0', signingCertificate='<DVTSigningCertificate: 0x7fdd47395680; name='Apple Development: miushufei miushufei (NGQY7246YH)', hash='E8627B7F9DE14FC3D77DA52009ECB37B9CF4B154', serialNumber='<DVTSigningCertificateSerialNumber: 0x7fdd2d85b350>', certificateKinds='(
    "1.2.840.113635.100.6.1.12",
    "1.2.840.113635.100.6.1.2"
), issueDate='2021-03-26 03:03:32 +0000''>', entitlements='{
    "application-identifier" = "J69V6VXM9A.com.littlebookkeep.beijing.com";
    "com.apple.developer.team-identifier" = J69V6VXM9A;
    "get-task-allow" = 1;
    "keychain-access-groups" =     (
        "J69V6VXM9A.com.littlebookkeep.beijing.com"
    );
}', teamID='J69V6VXM9A', identifier='com.littlebookkeep.beijing.com', executablePath='<DVTFilePath:0x7fdd2c0a8d60:'/Users/Gakki/Library/Developer/Xcode/Archives/2021-03-27/text 2021-3-27, 5.31 PM.xcarchive/Products/Applications/text.app/text'>', hardenedRuntime='0'>'> to: /var/folders/nf/qgn3qbd54lq_ss2df2ct4ng40000gn/T/XcodeDistPipeline.~~~FRVaEP/entitlements~~~vgKxk5
2021-03-27 09:31:46 +0000  Running /usr/bin/codesign '-vvv' '--force' '--sign' '30873D993A1402A052682D131EDC5DEF8F47C6FC' '--entitlements' '/var/folders/nf/qgn3qbd54lq_ss2df2ct4ng40000gn/T/XcodeDistPipeline.~~~FRVaEP/entitlements~~~vgKxk5' '--preserve-metadata=identifier,flags,runtime' '/var/folders/nf/qgn3qbd54lq_ss2df2ct4ng40000gn/T/XcodeDistPipeline.~~~FRVaEP/Root/Payload/text.app'
2021-03-27 09:31:46 +0000  /var/folders/nf/qgn3qbd54lq_ss2df2ct4ng40000gn/T/XcodeDistPipeline.~~~FRVaEP/Root/Payload/text.app: replacing existing signature
2021-03-27 09:31:47 +0000  /var/folders/nf/qgn3qbd54lq_ss2df2ct4ng40000gn/T/XcodeDistPipeline.~~~FRVaEP/Root/Payload/text.app: signed app bundle with Mach-O universal (armv7 arm64) [com.littlebookkeep.beijing.com]
2021-03-27 09:31:47 +0000  /usr/bin/codesign exited with 0
2021-03-27 09:31:47 +0000  Processing step: IDEDistributionZipODRItemStep
2021-03-27 09:31:47 +0000  Skipping step: IDEDistributionZipODRItemStep because it said so
2021-03-27 09:31:47 +0000  Processing step: IDEDistributionCreateIPAStep
2021-03-27 09:31:47 +0000  Running /usr/bin/ditto '-V' '-c' '-k' '--norsrc' '/var/folders/nf/qgn3qbd54lq_ss2df2ct4ng40000gn/T/XcodeDistPipeline.~~~FRVaEP/Root' '/var/folders/nf/qgn3qbd54lq_ss2df2ct4ng40000gn/T/XcodeDistPipeline.~~~FRVaEP/Packages/text.ipa'
2021-03-27 09:31:47 +0000  >>> Copying /var/folders/nf/qgn3qbd54lq_ss2df2ct4ng40000gn/T/XcodeDistPipeline.~~~FRVaEP/Root 
2021-03-27 09:31:47 +0000  copying file ./Payload/text.app/_CodeSignature/CodeResources ... 
2021-03-27 09:31:47 +0000  15464 bytes for ./Payload/text.app/_CodeSignature/CodeResources
2021-03-27 09:31:47 +0000  copying file ./Payload/text.app/LXFCalcInputCell.nib ... 
2021-03-27 09:31:47 +0000  3891 bytes for ./Payload/text.app/LXFCalcInputCell.nib
copying file ./Payload/text.app/AppIcon20x20@2x.png ... 
2021-03-27 09:31:47 +0000  2480 bytes for ./Payload/text.app/AppIcon20x20@2x.png
2021-03-27 09:31:47 +0000  copying file ./Payload/text.app/AppIcon57x57.png ... 
2021-03-27 09:31:47 +0000  5635 bytes for ./Payload/text.app/AppIcon57x57.png
copying file ./Payload/text.app/MMNumberKeyboardDismissKey.png ... 
2021-03-27 09:31:47 +0000  189 bytes for ./Payload/text.app/MMNumberKeyboardDismissKey.png
2021-03-27 09:31:47 +0000  copying file ./Payload/text.app/AppIcon20x20@3x.png ... 
2021-03-27 09:31:47 +0000  4630 bytes for ./Payload/text.app/AppIcon20x20@3x.png
copying file ./Payload/text.app/AppIcon29x29.png ... 
2021-03-27 09:31:47 +0000  1746 bytes for ./Payload/text.app/AppIcon29x29.png
2021-03-27 09:31:47 +0000  copying file ./Payload/text.app/MJRefresh.bundle/zh-Hans.lproj/Localizable.strings ... 
2021-03-27 09:31:47 +0000  1194 bytes for ./Payload/text.app/MJRefresh.bundle/zh-Hans.lproj/Localizable.strings
2021-03-27 09:31:47 +0000  copying file ./Payload/text.app/MJRefresh.bundle/en.lproj/Localizable.strings ... 
2021-03-27 09:31:47 +0000  691 bytes for ./Payload/text.app/MJRefresh.bundle/en.lproj/Localizable.strings
2021-03-27 09:31:47 +0000  copying file ./Payload/text.app/MJRefresh.bundle/arrow@2x.png ... 
2021-03-27 09:31:47 +0000  1033 bytes for ./Payload/text.app/MJRefresh.bundle/arrow@2x.png
2021-03-27 09:31:47 +0000  copying file ./Payload/text.app/MJRefresh.bundle/zh-Hant.lproj/Localizable.strings ... 
773 bytes for ./Payload/text.app/MJRefresh.bundle/zh-Hant.lproj/Localizable.strings
2021-03-27 09:31:47 +0000  copying file ./Payload/text.app/AppIcon60x60@2x.png ... 
2021-03-27 09:31:47 +0000  15018 bytes for ./Payload/text.app/AppIcon60x60@2x.png
2021-03-27 09:31:47 +0000  copying file ./Payload/text.app/MMNumberKeyboardDismissKey@3x.png ... 
2021-03-27 09:31:47 +0000  484 bytes for ./Payload/text.app/MMNumberKeyboardDismissKey@3x.png
copying file ./Payload/text.app/AppIcon29x29@2x.png ... 
2021-03-27 09:31:47 +0000  4273 bytes for ./Payload/text.app/AppIcon29x29@2x.png
2021-03-27 09:31:47 +0000  copying file ./Payload/text.app/MMNumberKeyboardDeleteKey@3x.png ... 
2021-03-27 09:31:47 +0000  551 bytes for ./Payload/text.app/MMNumberKeyboardDeleteKey@3x.png
copying file ./Payload/text.app/AppIcon40x40@3x.png ... 
2021-03-27 09:31:47 +0000  15018 bytes for ./Payload/text.app/AppIcon40x40@3x.png
2021-03-27 09:31:47 +0000  copying file ./Payload/text.app/AppIcon57x57@2x.png ... 
2021-03-27 09:31:47 +0000  15604 bytes for ./Payload/text.app/AppIcon57x57@2x.png
2021-03-27 09:31:47 +0000  copying file ./Payload/text.app/BRPickerView.bundle/BRCity.plist ... 
2021-03-27 09:31:47 +0000  489934 bytes for ./Payload/text.app/BRPickerView.bundle/BRCity.plist
2021-03-27 09:31:47 +0000  copying file ./Payload/text.app/AppIcon40x40@2x.png ... 
2021-03-27 09:31:47 +0000  7554 bytes for ./Payload/text.app/AppIcon40x40@2x.png
copying file ./Payload/text.app/MMNumberKeyboardDeleteKey@2x.png ... 
2021-03-27 09:31:47 +0000  366 bytes for ./Payload/text.app/MMNumberKeyboardDeleteKey@2x.png
copying file ./Payload/text.app/AVOSCloud_Art.inc ... 
2021-03-27 09:31:47 +0000  2191 bytes for ./Payload/text.app/AVOSCloud_Art.inc
copying file ./Payload/text.app/MMNumberKeyboardDismissKey@2x.png ... 
2021-03-27 09:31:47 +0000  663 bytes for ./Payload/text.app/MMNumberKeyboardDismissKey@2x.png
copying file ./Payload/text.app/AppIcon29x29@3x.png ... 
2021-03-27 09:31:47 +0000  8677 bytes for ./Payload/text.app/AppIcon29x29@3x.png
2021-03-27 09:31:47 +0000  copying file ./Payload/text.app/AppIcon60x60@3x.png ... 
2021-03-27 09:31:47 +0000  30206 bytes for ./Payload/text.app/AppIcon60x60@3x.png
2021-03-27 09:31:47 +0000  copying file ./Payload/text.app/Base.lproj/Main.storyboardc/UIViewController-BYZ-38-t0r.nib/objects-11.0+.nib ... 
2021-03-27 09:31:47 +0000  1302 bytes for ./Payload/text.app/Base.lproj/Main.storyboardc/UIViewController-BYZ-38-t0r.nib/objects-11.0+.nib
2021-03-27 09:31:47 +0000  copying file ./Payload/text.app/Base.lproj/Main.storyboardc/UIViewController-BYZ-38-t0r.nib/runtime.nib ... 
2021-03-27 09:31:47 +0000  1302 bytes for ./Payload/text.app/Base.lproj/Main.storyboardc/UIViewController-BYZ-38-t0r.nib/runtime.nib
2021-03-27 09:31:47 +0000  copying file ./Payload/text.app/Base.lproj/Main.storyboardc/BYZ-38-t0r-view-8bC-Xf-vdC.nib/objects-11.0+.nib ... 
2021-03-27 09:31:47 +0000  4183 bytes for ./Payload/text.app/Base.lproj/Main.storyboardc/BYZ-38-t0r-view-8bC-Xf-vdC.nib/objects-11.0+.nib
2021-03-27 09:31:47 +0000  copying file ./Payload/text.app/Base.lproj/Main.storyboardc/BYZ-38-t0r-view-8bC-Xf-vdC.nib/runtime.nib ... 
2021-03-27 09:31:47 +0000  4317 bytes for ./Payload/text.app/Base.lproj/Main.storyboardc/BYZ-38-t0r-view-8bC-Xf-vdC.nib/runtime.nib
2021-03-27 09:31:47 +0000  copying file ./Payload/text.app/Base.lproj/Main.storyboardc/Info.plist ... 
2021-03-27 09:31:47 +0000  258 bytes for ./Payload/text.app/Base.lproj/Main.storyboardc/Info.plist
2021-03-27 09:31:47 +0000  copying file ./Payload/text.app/Base.lproj/LaunchScreen.storyboardc/01J-lp-oVM-view-Ze5-6b-2t3.nib/objects-11.0+.nib ... 
2021-03-27 09:31:47 +0000  3726 bytes for ./Payload/text.app/Base.lproj/LaunchScreen.storyboardc/01J-lp-oVM-view-Ze5-6b-2t3.nib/objects-11.0+.nib
2021-03-27 09:31:47 +0000  copying file ./Payload/text.app/Base.lproj/LaunchScreen.storyboardc/01J-lp-oVM-view-Ze5-6b-2t3.nib/runtime.nib ... 
2021-03-27 09:31:47 +0000  3866 bytes for ./Payload/text.app/Base.lproj/LaunchScreen.storyboardc/01J-lp-oVM-view-Ze5-6b-2t3.nib/runtime.nib
2021-03-27 09:31:47 +0000  copying file ./Payload/text.app/Base.lproj/LaunchScreen.storyboardc/UIViewController-01J-lp-oVM.nib/objects-11.0+.nib ... 
2021-03-27 09:31:47 +0000  896 bytes for ./Payload/text.app/Base.lproj/LaunchScreen.storyboardc/UIViewController-01J-lp-oVM.nib/objects-11.0+.nib
copying file ./Payload/text.app/Base.lproj/LaunchScreen.storyboardc/UIViewController-01J-lp-oVM.nib/runtime.nib ... 
2021-03-27 09:31:47 +0000  896 bytes for ./Payload/text.app/Base.lproj/LaunchScreen.storyboardc/UIViewController-01J-lp-oVM.nib/runtime.nib
2021-03-27 09:31:47 +0000  copying file ./Payload/text.app/Base.lproj/LaunchScreen.storyboardc/Info.plist ... 
2021-03-27 09:31:47 +0000  258 bytes for ./Payload/text.app/Base.lproj/LaunchScreen.storyboardc/Info.plist
copying file ./Payload/text.app/MMNumberKeyboardDeleteKey.png ... 
2021-03-27 09:31:47 +0000  309 bytes for ./Payload/text.app/MMNumberKeyboardDeleteKey.png
copying file ./Payload/text.app/Assets.car ... 
2021-03-27 09:31:48 +0000  37692136 bytes for ./Payload/text.app/Assets.car
copying file ./Payload/text.app/LXFCalculatorCalcBtnView.nib ... 
2021-03-27 09:31:48 +0000  2690 bytes for ./Payload/text.app/LXFCalculatorCalcBtnView.nib
copying file ./Payload/text.app/LXFCalcSelectStrCell.nib ... 
2021-03-27 09:31:48 +0000  3414 bytes for ./Payload/text.app/LXFCalcSelectStrCell.nib
copying file ./Payload/text.app/text ... 
2021-03-27 09:31:49 +0000  8886672 bytes for ./Payload/text.app/text
2021-03-27 09:31:49 +0000  copying file ./Payload/text.app/embedded.mobileprovision ... 
2021-03-27 09:31:49 +0000  13941 bytes for ./Payload/text.app/embedded.mobileprovision
2021-03-27 09:31:49 +0000  copying file ./Payload/text.app/Info.plist ... 
2021-03-27 09:31:49 +0000  1785 bytes for ./Payload/text.app/Info.plist
copying file ./Payload/text.app/LXFPopResultCell.nib ... 
2021-03-27 09:31:49 +0000  3487 bytes for ./Payload/text.app/LXFPopResultCell.nib
2021-03-27 09:31:49 +0000  copying file ./Payload/text.app/suggestViewController.nib ... 
2021-03-27 09:31:49 +0000  4262 bytes for ./Payload/text.app/suggestViewController.nib
2021-03-27 09:31:49 +0000  copying file ./Payload/text.app/PkgInfo ... 
2021-03-27 09:31:49 +0000  8 bytes for ./Payload/text.app/PkgInfo
2021-03-27 09:31:49 +0000  /usr/bin/ditto exited with 0
2021-03-27 09:31:49 +0000  Processing step: IDEDistributionAppStoreInformationStep
2021-03-27 09:31:49 +0000  Skipping step: IDEDistributionAppStoreInformationStep because it said so
2021-03-27 09:31:49 +0000  Processing step: IDEDistributionGenerateProcessedDistributionItems
2021-03-27 09:31:49 +0000  IDEDistributionItem init <DVTFilePath:0x7fdd30f148d0:'/var/folders/nf/qgn3qbd54lq_ss2df2ct4ng40000gn/T/XcodeDistPipeline.~~~FRVaEP/Root/Payload/text.app'>
2021-03-27 09:31:49 +0000  Processing step: IDEDistributionCreateManifestStep
